{"/Users/shahab/Desktop/aurelia-cypress-skeleton/src/resources/src/index.ts": {"path":"/Users/shahab/Desktop/aurelia-cypress-skeleton/src/resources/src/index.ts","statementMap":{"0":{"start":{"line":3,"column":0},"end":{"line":null,"column":-1}}},"fnMap":{"0":{"name":"configure","decl":{"start":{"line":3,"column":16},"end":{"line":3,"column":0}},"loc":{"start":{"line":3,"column":56},"end":{"line":5,"column":1}}}},"branchMap":{},"s":{"0":0},"f":{"0":0},"b":{}}
,"/Users/shahab/Desktop/aurelia-cypress-skeleton/src/src/app.ts": {"path":"/Users/shahab/Desktop/aurelia-cypress-skeleton/src/src/app.ts","statementMap":{"0":{"start":{"line":1,"column":0},"end":{"line":3,"column":0}},"1":{"start":{"line":2,"column":2},"end":{"line":2,"column":27}},"2":{"start":{"line":3,"column":0},"end":{"line":3,"column":1}},"3":{"start":{"line":1,"column":13},"end":{"line":1,"column":16}}},"fnMap":{"0":{"name":"(anonymous_0)","decl":{"start":{"line":1,"column":0},"end":{"line":null,"column":-1}},"loc":{"start":{"line":1,"column":0},"end":{"line":1,"column":-1}}}},"branchMap":{},"s":{"0":1,"1":1,"2":1,"3":1},"f":{"0":2},"b":{}}
,"/Users/shahab/Desktop/aurelia-cypress-skeleton/src/src/main.ts": {"path":"/Users/shahab/Desktop/aurelia-cypress-skeleton/src/src/main.ts","statementMap":{"0":{"start":{"line":4,"column":0},"end":{"line":4,"column":-1}},"1":{"start":{"line":5,"column":0},"end":{"line":5,"column":-1}},"2":{"start":{"line":6,"column":0},"end":{"line":6,"column":-1}},"3":{"start":{"line":9,"column":0},"end":{"line":null,"column":-1}},"4":{"start":{"line":12,"column":2},"end":{"line":null,"column":-1}},"5":{"start":{"line":23,"column":2},"end":{"line":null,"column":-1}},"6":{"start":{"line":25,"column":2},"end":{"line":27,"column":3}},"7":{"start":{"line":26,"column":4},"end":{"line":null,"column":-1}},"8":{"start":{"line":29,"column":2},"end":{"line":null,"column":-1}},"9":{"start":{"line":29,"column":36},"end":{"line":29,"column":79}},"10":{"start":{"line":11,"column":0},"end":{"line":null,"column":-1}}},"fnMap":{"0":{"name":"configure","decl":{"start":{"line":11,"column":16},"end":{"line":11,"column":0}},"loc":{"start":{"line":11,"column":42},"end":{"line":30,"column":1}}},"1":{"name":"(anonymous_1)","decl":{"start":{"line":29,"column":30},"end":{"line":29,"column":29}},"loc":{"start":{"line":29,"column":30},"end":{"line":29,"column":9}}}},"branchMap":{"0":{"loc":{"start":{"line":23,"column":53},"end":{"line":23,"column":33}},"type":"cond-expr","locations":[{"start":{"line":23,"column":53},"end":{"line":23,"column":33}},{"start":{"line":23,"column":63},"end":{"line":23,"column":2}}]},"1":{"loc":{"start":{"line":25,"column":2},"end":{"line":27,"column":3}},"type":"if","locations":[{"start":{"line":25,"column":2},"end":{"line":27,"column":3}},{"start":{"line":25,"column":2},"end":{"line":27,"column":3}}]}},"s":{"0":0,"1":0,"2":0,"3":0,"4":0,"5":0,"6":0,"7":0,"8":0,"9":0,"10":0},"f":{"0":0,"1":0},"b":{"0":[0,0],"1":[0,0]}}
}
